2026-04-16 22:22:19,960 [Worker-5: Loading available Gradle versions] INFO  o.e.b.c.i.u.g.PublishedGradleVersions - Gradle version information cache is not available. Remote download required.
2026-04-16 22:23:04,045 [Worker-4: Importing Maven projects] INFO  o.e.m.c.i.l.LifecycleMappingFactory - Using org.eclipse.m2e.jdt.JarLifecycleMapping lifecycle mapping for MavenProject: sit707_week4:task4_2P:1.0-SNAPSHOT @ C:\Users\issac\Desktop\softqnt\IssacSIT707\Task_4.1_p\task4_1P\pom.xml.
2026-04-16 22:23:07,781 [Worker-4: Importing Maven projects] INFO  o.e.m.j.i.AbstractJavaProjectConfigurator - Adding source folder /task4_1P/src/main/java
2026-04-16 22:23:07,793 [Worker-4: Importing Maven projects] INFO  o.e.m.j.i.AbstractJavaProjectConfigurator - Adding resource folder /task4_1P/src/main/resources
2026-04-16 22:23:07,797 [Worker-4: Importing Maven projects] INFO  o.e.m.j.i.AbstractJavaProjectConfigurator - Adding source folder /task4_1P/src/test/java
2026-04-16 22:23:07,802 [Worker-4: Importing Maven projects] INFO  o.e.m.j.i.AbstractJavaProjectConfigurator - Adding resource folder /task4_1P/src/test/resources
2026-04-16 22:23:08,108 [Worker-4: Importing Maven projects] WARN  o.apache.maven.project.MavenProject - Plugin is modifying compileSourceRoots through clear(), which will not work in Maven 4.0.0. Use MavenProject.addCompileSourceRoot()/removeCompileSourceRoot() methods instead. If using a plugin, please upgrade to the latest version or report the issue to the plugin maintainer. To disable these warnings, set -Dmaven.project.sourceRoots.warningsDisabled=true on the command line, in the .mvn/maven.config file, or in project POM properties.
2026-04-16 22:23:08,123 [Worker-4: Importing Maven projects] WARN  o.apache.maven.project.MavenProject - Plugin is modifying compileSourceRoots through add(), which will not work in Maven 4.0.0. Use MavenProject.addCompileSourceRoot()/removeCompileSourceRoot() methods instead. If using a plugin, please upgrade to the latest version or report the issue to the plugin maintainer. To disable these warnings, set -Dmaven.project.sourceRoots.warningsDisabled=true on the command line, in the .mvn/maven.config file, or in project POM properties.
2026-04-16 22:23:08,137 [Worker-4: Importing Maven projects] WARN  o.apache.maven.project.MavenProject - Plugin is modifying testCompileSourceRoots through clear(), which will not work in Maven 4.0.0. Use MavenProject.addTestCompileSourceRoot()/removeTestCompileSourceRoot() methods instead. If using a plugin, please upgrade to the latest version or report the issue to the plugin maintainer. To disable these warnings, set -Dmaven.project.sourceRoots.warningsDisabled=true on the command line, in the .mvn/maven.config file, or in project POM properties.
2026-04-16 22:23:08,145 [Worker-4: Importing Maven projects] WARN  o.apache.maven.project.MavenProject - Plugin is modifying testCompileSourceRoots through add(), which will not work in Maven 4.0.0. Use MavenProject.addTestCompileSourceRoot()/removeTestCompileSourceRoot() methods instead. If using a plugin, please upgrade to the latest version or report the issue to the plugin maintainer. To disable these warnings, set -Dmaven.project.sourceRoots.warningsDisabled=true on the command line, in the .mvn/maven.config file, or in project POM properties.
2026-04-16 22:23:08,268 [Worker-4: Importing Maven projects] INFO  o.e.m.c.i.p.ProjectConfigurationManager - Imported and configured 1 project(s) in 9 sec
2026-04-16 22:23:09,206 [Worker-10: Updating Maven Project] INFO  o.e.m.c.i.p.ProjectConfigurationManager - Update started
2026-04-16 22:23:10,134 [Worker-10: Updating Maven Project] INFO  o.e.m.c.i.l.LifecycleMappingFactory - Using org.eclipse.m2e.jdt.JarLifecycleMapping lifecycle mapping for MavenProject: sit707_week4:task4_2P:1.0-SNAPSHOT @ C:\Users\issac\Desktop\softqnt\IssacSIT707\Task_4.1_p\task4_1P\pom.xml.
2026-04-16 22:23:10,712 [Worker-10: Updating Maven Project] INFO  o.e.m.j.i.AbstractJavaProjectConfigurator - Adding source folder /task4_1P/src/main/java
2026-04-16 22:23:10,715 [Worker-10: Updating Maven Project] INFO  o.e.m.j.i.AbstractJavaProjectConfigurator - Adding resource folder /task4_1P/src/main/resources
2026-04-16 22:23:10,718 [Worker-10: Updating Maven Project] INFO  o.e.m.j.i.AbstractJavaProjectConfigurator - Adding source folder /task4_1P/src/test/java
2026-04-16 22:23:10,722 [Worker-10: Updating Maven Project] INFO  o.e.m.j.i.AbstractJavaProjectConfigurator - Adding resource folder /task4_1P/src/test/resources
2026-04-16 22:23:10,905 [Worker-10: Updating Maven Project] WARN  o.apache.maven.project.MavenProject - Plugin is modifying compileSourceRoots through clear(), which will not work in Maven 4.0.0. Use MavenProject.addCompileSourceRoot()/removeCompileSourceRoot() methods instead. If using a plugin, please upgrade to the latest version or report the issue to the plugin maintainer. To disable these warnings, set -Dmaven.project.sourceRoots.warningsDisabled=true on the command line, in the .mvn/maven.config file, or in project POM properties.
2026-04-16 22:23:10,928 [Worker-10: Updating Maven Project] WARN  o.apache.maven.project.MavenProject - Plugin is modifying compileSourceRoots through add(), which will not work in Maven 4.0.0. Use MavenProject.addCompileSourceRoot()/removeCompileSourceRoot() methods instead. If using a plugin, please upgrade to the latest version or report the issue to the plugin maintainer. To disable these warnings, set -Dmaven.project.sourceRoots.warningsDisabled=true on the command line, in the .mvn/maven.config file, or in project POM properties.
2026-04-16 22:23:10,954 [Worker-10: Updating Maven Project] WARN  o.apache.maven.project.MavenProject - Plugin is modifying testCompileSourceRoots through clear(), which will not work in Maven 4.0.0. Use MavenProject.addTestCompileSourceRoot()/removeTestCompileSourceRoot() methods instead. If using a plugin, please upgrade to the latest version or report the issue to the plugin maintainer. To disable these warnings, set -Dmaven.project.sourceRoots.warningsDisabled=true on the command line, in the .mvn/maven.config file, or in project POM properties.
2026-04-16 22:23:10,976 [Worker-10: Updating Maven Project] WARN  o.apache.maven.project.MavenProject - Plugin is modifying testCompileSourceRoots through add(), which will not work in Maven 4.0.0. Use MavenProject.addTestCompileSourceRoot()/removeTestCompileSourceRoot() methods instead. If using a plugin, please upgrade to the latest version or report the issue to the plugin maintainer. To disable these warnings, set -Dmaven.project.sourceRoots.warningsDisabled=true on the command line, in the .mvn/maven.config file, or in project POM properties.
2026-04-16 22:23:11,549 [Worker-10: Updating Maven Project] INFO  o.e.m.c.i.p.ProjectConfigurationManager - Update completed for 1 poms: local refresh takes 0.00 sec, refresh facades takes 1.00 sec, update config takes 0.00 sec 
2026-04-16 22:23:12,700 [Worker-4: Building] WARN  o.a.m.s.f.DefaultMavenResourcesFiltering - Using platform encoding (UTF-8 actually) to copy filtered resources, i.e. build is platform dependent!
2026-04-16 22:23:12,705 [Worker-4: Building] INFO  o.a.m.s.f.DefaultMavenResourcesFiltering - skip non existing resourceDirectory C:\Users\issac\Desktop\softqnt\IssacSIT707\Task_4.1_p\task4_1P\src\main\resources
2026-04-16 22:23:12,723 [Worker-4: Building] WARN  o.a.m.s.f.DefaultMavenResourcesFiltering - Using platform encoding (UTF-8 actually) to copy filtered resources, i.e. build is platform dependent!
2026-04-16 22:23:12,727 [Worker-4: Building] INFO  o.a.m.s.f.DefaultMavenResourcesFiltering - skip non existing resourceDirectory C:\Users\issac\Desktop\softqnt\IssacSIT707\Task_4.1_p\task4_1P\src\test\resources
2026-04-16 22:23:15,932 [Worker-4: Building] WARN  o.apache.maven.project.MavenProject - Plugin is modifying compileSourceRoots through clear(), which will not work in Maven 4.0.0. Use MavenProject.addCompileSourceRoot()/removeCompileSourceRoot() methods instead. If using a plugin, please upgrade to the latest version or report the issue to the plugin maintainer. To disable these warnings, set -Dmaven.project.sourceRoots.warningsDisabled=true on the command line, in the .mvn/maven.config file, or in project POM properties.
2026-04-16 22:23:15,934 [Worker-4: Building] WARN  o.apache.maven.project.MavenProject - Plugin is modifying compileSourceRoots through add(), which will not work in Maven 4.0.0. Use MavenProject.addCompileSourceRoot()/removeCompileSourceRoot() methods instead. If using a plugin, please upgrade to the latest version or report the issue to the plugin maintainer. To disable these warnings, set -Dmaven.project.sourceRoots.warningsDisabled=true on the command line, in the .mvn/maven.config file, or in project POM properties.
2026-04-16 22:23:15,936 [Worker-4: Building] WARN  o.apache.maven.project.MavenProject - Plugin is modifying testCompileSourceRoots through clear(), which will not work in Maven 4.0.0. Use MavenProject.addTestCompileSourceRoot()/removeTestCompileSourceRoot() methods instead. If using a plugin, please upgrade to the latest version or report the issue to the plugin maintainer. To disable these warnings, set -Dmaven.project.sourceRoots.warningsDisabled=true on the command line, in the .mvn/maven.config file, or in project POM properties.
2026-04-16 22:23:15,939 [Worker-4: Building] WARN  o.apache.maven.project.MavenProject - Plugin is modifying testCompileSourceRoots through add(), which will not work in Maven 4.0.0. Use MavenProject.addTestCompileSourceRoot()/removeTestCompileSourceRoot() methods instead. If using a plugin, please upgrade to the latest version or report the issue to the plugin maintainer. To disable these warnings, set -Dmaven.project.sourceRoots.warningsDisabled=true on the command line, in the .mvn/maven.config file, or in project POM properties.
2026-04-16 22:24:11,393 [Worker-17: Launching Executing test in C__Users_issac_Desktop_softqnt_IssacSIT707_Task_4.1_p_task4_1P] INFO  o.eclipse.m2e.core.internal.Bundles - getClasspathEntries(Bundle=org.eclipse.m2e.maven.runtime_3.9.1200.20260112-2306 [308])
2026-04-16 22:24:11,400 [Worker-17: Launching Executing test in C__Users_issac_Desktop_softqnt_IssacSIT707_Task_4.1_p_task4_1P] INFO  o.eclipse.m2e.core.internal.Bundles - 	Entry: C:\Users\issac\.p2\pool\plugins\org.eclipse.m2e.maven.runtime_3.9.1200.20260112-2306
2026-04-16 22:24:11,402 [Worker-17: Launching Executing test in C__Users_issac_Desktop_softqnt_IssacSIT707_Task_4.1_p_task4_1P] INFO  o.eclipse.m2e.core.internal.Bundles - 	Entry: C:\Users\issac\.p2\pool\plugins\org.eclipse.m2e.maven.runtime_3.9.1200.20260112-2306\jars\aopalliance-1.0.jar
2026-04-16 22:24:11,404 [Worker-17: Launching Executing test in C__Users_issac_Desktop_softqnt_IssacSIT707_Task_4.1_p_task4_1P] INFO  o.eclipse.m2e.core.internal.Bundles - 	Entry: C:\Users\issac\.p2\pool\plugins\org.eclipse.m2e.maven.runtime_3.9.1200.20260112-2306\jars\asm-9.9.jar
2026-04-16 22:24:11,406 [Worker-17: Launching Executing test in C__Users_issac_Desktop_softqnt_IssacSIT707_Task_4.1_p_task4_1P] INFO  o.eclipse.m2e.core.internal.Bundles - 	Entry: C:\Users\issac\.p2\pool\plugins\org.eclipse.m2e.maven.runtime_3.9.1200.20260112-2306\jars\error_prone_annotations-2.41.0.jar
2026-04-16 22:24:11,407 [Worker-17: Launching Executing test in C__Users_issac_Desktop_softqnt_IssacSIT707_Task_4.1_p_task4_1P] INFO  o.eclipse.m2e.core.internal.Bundles - 	Entry: C:\Users\issac\.p2\pool\plugins\org.eclipse.m2e.maven.runtime_3.9.1200.20260112-2306\jars\gson-2.13.2.jar
2026-04-16 22:24:11,409 [Worker-17: Launching Executing test in C__Users_issac_Desktop_softqnt_IssacSIT707_Task_4.1_p_task4_1P] INFO  o.eclipse.m2e.core.internal.Bundles - 	Entry: C:\Users\issac\.p2\pool\plugins\org.eclipse.m2e.maven.runtime_3.9.1200.20260112-2306\jars\guice-5.1.0-classes.jar
2026-04-16 22:24:11,410 [Worker-17: Launching Executing test in C__Users_issac_Desktop_softqnt_IssacSIT707_Task_4.1_p_task4_1P] INFO  o.eclipse.m2e.core.internal.Bundles - 	Entry: C:\Users\issac\.p2\pool\plugins\org.eclipse.m2e.maven.runtime_3.9.1200.20260112-2306\jars\httpclient-4.5.14.jar
2026-04-16 22:24:11,412 [Worker-17: Launching Executing test in C__Users_issac_Desktop_softqnt_IssacSIT707_Task_4.1_p_task4_1P] INFO  o.eclipse.m2e.core.internal.Bundles - 	Entry: C:\Users\issac\.p2\pool\plugins\org.eclipse.m2e.maven.runtime_3.9.1200.20260112-2306\jars\httpcore-4.4.16.jar
2026-04-16 22:24:11,413 [Worker-17: Launching Executing test in C__Users_issac_Desktop_softqnt_IssacSIT707_Task_4.1_p_task4_1P] INFO  o.eclipse.m2e.core.internal.Bundles - 	Entry: C:\Users\issac\.p2\pool\plugins\org.eclipse.m2e.maven.runtime_3.9.1200.20260112-2306\jars\jansi-2.4.2.jar
2026-04-16 22:24:11,415 [Worker-17: Launching Executing test in C__Users_issac_Desktop_softqnt_IssacSIT707_Task_4.1_p_task4_1P] INFO  o.eclipse.m2e.core.internal.Bundles - 	Entry: C:\Users\issac\.p2\pool\plugins\org.eclipse.m2e.maven.runtime_3.9.1200.20260112-2306\jars\jcl-over-slf4j-1.7.36.jar
2026-04-16 22:24:11,417 [Worker-17: Launching Executing test in C__Users_issac_Desktop_softqnt_IssacSIT707_Task_4.1_p_task4_1P] INFO  o.eclipse.m2e.core.internal.Bundles - 	Entry: C:\Users\issac\.p2\pool\plugins\org.eclipse.m2e.maven.runtime_3.9.1200.20260112-2306\jars\maven-artifact-3.9.12.jar
2026-04-16 22:24:11,418 [Worker-17: Launching Executing test in C__Users_issac_Desktop_softqnt_IssacSIT707_Task_4.1_p_task4_1P] INFO  o.eclipse.m2e.core.internal.Bundles - 	Entry: C:\Users\issac\.p2\pool\plugins\org.eclipse.m2e.maven.runtime_3.9.1200.20260112-2306\jars\maven-builder-support-3.9.12.jar
2026-04-16 22:24:11,420 [Worker-17: Launching Executing test in C__Users_issac_Desktop_softqnt_IssacSIT707_Task_4.1_p_task4_1P] INFO  o.eclipse.m2e.core.internal.Bundles - 	Entry: C:\Users\issac\.p2\pool\plugins\org.eclipse.m2e.maven.runtime_3.9.1200.20260112-2306\jars\maven-compat-3.9.12.jar
2026-04-16 22:24:11,422 [Worker-17: Launching Executing test in C__Users_issac_Desktop_softqnt_IssacSIT707_Task_4.1_p_task4_1P] INFO  o.eclipse.m2e.core.internal.Bundles - 	Entry: C:\Users\issac\.p2\pool\plugins\org.eclipse.m2e.maven.runtime_3.9.1200.20260112-2306\jars\maven-core-3.9.12.jar
2026-04-16 22:24:11,424 [Worker-17: Launching Executing test in C__Users_issac_Desktop_softqnt_IssacSIT707_Task_4.1_p_task4_1P] INFO  o.eclipse.m2e.core.internal.Bundles - 	Entry: C:\Users\issac\.p2\pool\plugins\org.eclipse.m2e.maven.runtime_3.9.1200.20260112-2306\jars\maven-embedder-3.9.12.jar
2026-04-16 22:24:11,425 [Worker-17: Launching Executing test in C__Users_issac_Desktop_softqnt_IssacSIT707_Task_4.1_p_task4_1P] INFO  o.eclipse.m2e.core.internal.Bundles - 	Entry: C:\Users\issac\.p2\pool\plugins\org.eclipse.m2e.maven.runtime_3.9.1200.20260112-2306\jars\maven-model-3.9.12.jar
2026-04-16 22:24:11,426 [Worker-17: Launching Executing test in C__Users_issac_Desktop_softqnt_IssacSIT707_Task_4.1_p_task4_1P] INFO  o.eclipse.m2e.core.internal.Bundles - 	Entry: C:\Users\issac\.p2\pool\plugins\org.eclipse.m2e.maven.runtime_3.9.1200.20260112-2306\jars\maven-model-builder-3.9.12.jar
2026-04-16 22:24:11,427 [Worker-17: Launching Executing test in C__Users_issac_Desktop_softqnt_IssacSIT707_Task_4.1_p_task4_1P] INFO  o.eclipse.m2e.core.internal.Bundles - 	Entry: C:\Users\issac\.p2\pool\plugins\org.eclipse.m2e.maven.runtime_3.9.1200.20260112-2306\jars\maven-plugin-api-3.9.12.jar
2026-04-16 22:24:11,428 [Worker-17: Launching Executing test in C__Users_issac_Desktop_softqnt_IssacSIT707_Task_4.1_p_task4_1P] INFO  o.eclipse.m2e.core.internal.Bundles - 	Entry: C:\Users\issac\.p2\pool\plugins\org.eclipse.m2e.maven.runtime_3.9.1200.20260112-2306\jars\maven-repository-metadata-3.9.12.jar
2026-04-16 22:24:11,430 [Worker-17: Launching Executing test in C__Users_issac_Desktop_softqnt_IssacSIT707_Task_4.1_p_task4_1P] INFO  o.eclipse.m2e.core.internal.Bundles - 	Entry: C:\Users\issac\.p2\pool\plugins\org.eclipse.m2e.maven.runtime_3.9.1200.20260112-2306\jars\maven-resolver-api-1.9.25.jar
2026-04-16 22:24:11,432 [Worker-17: Launching Executing test in C__Users_issac_Desktop_softqnt_IssacSIT707_Task_4.1_p_task4_1P] INFO  o.eclipse.m2e.core.internal.Bundles - 	Entry: C:\Users\issac\.p2\pool\plugins\org.eclipse.m2e.maven.runtime_3.9.1200.20260112-2306\jars\maven-resolver-connector-basic-1.9.25.jar
2026-04-16 22:24:11,434 [Worker-17: Launching Executing test in C__Users_issac_Desktop_softqnt_IssacSIT707_Task_4.1_p_task4_1P] INFO  o.eclipse.m2e.core.internal.Bundles - 	Entry: C:\Users\issac\.p2\pool\plugins\org.eclipse.m2e.maven.runtime_3.9.1200.20260112-2306\jars\maven-resolver-impl-1.9.25.jar
2026-04-16 22:24:11,435 [Worker-17: Launching Executing test in C__Users_issac_Desktop_softqnt_IssacSIT707_Task_4.1_p_task4_1P] INFO  o.eclipse.m2e.core.internal.Bundles - 	Entry: C:\Users\issac\.p2\pool\plugins\org.eclipse.m2e.maven.runtime_3.9.1200.20260112-2306\jars\maven-resolver-named-locks-1.9.25.jar
2026-04-16 22:24:11,437 [Worker-17: Launching Executing test in C__Users_issac_Desktop_softqnt_IssacSIT707_Task_4.1_p_task4_1P] INFO  o.eclipse.m2e.core.internal.Bundles - 	Entry: C:\Users\issac\.p2\pool\plugins\org.eclipse.m2e.maven.runtime_3.9.1200.20260112-2306\jars\maven-resolver-provider-3.9.12.jar
2026-04-16 22:24:11,438 [Worker-17: Launching Executing test in C__Users_issac_Desktop_softqnt_IssacSIT707_Task_4.1_p_task4_1P] INFO  o.eclipse.m2e.core.internal.Bundles - 	Entry: C:\Users\issac\.p2\pool\plugins\org.eclipse.m2e.maven.runtime_3.9.1200.20260112-2306\jars\maven-resolver-spi-1.9.25.jar
2026-04-16 22:24:11,440 [Worker-17: Launching Executing test in C__Users_issac_Desktop_softqnt_IssacSIT707_Task_4.1_p_task4_1P] INFO  o.eclipse.m2e.core.internal.Bundles - 	Entry: C:\Users\issac\.p2\pool\plugins\org.eclipse.m2e.maven.runtime_3.9.1200.20260112-2306\jars\maven-resolver-transport-file-1.9.25.jar
2026-04-16 22:24:11,442 [Worker-17: Launching Executing test in C__Users_issac_Desktop_softqnt_IssacSIT707_Task_4.1_p_task4_1P] INFO  o.eclipse.m2e.core.internal.Bundles - 	Entry: C:\Users\issac\.p2\pool\plugins\org.eclipse.m2e.maven.runtime_3.9.1200.20260112-2306\jars\maven-resolver-transport-http-1.9.25.jar
2026-04-16 22:24:11,443 [Worker-17: Launching Executing test in C__Users_issac_Desktop_softqnt_IssacSIT707_Task_4.1_p_task4_1P] INFO  o.eclipse.m2e.core.internal.Bundles - 	Entry: C:\Users\issac\.p2\pool\plugins\org.eclipse.m2e.maven.runtime_3.9.1200.20260112-2306\jars\maven-resolver-transport-wagon-1.9.25.jar
2026-04-16 22:24:11,445 [Worker-17: Launching Executing test in C__Users_issac_Desktop_softqnt_IssacSIT707_Task_4.1_p_task4_1P] INFO  o.eclipse.m2e.core.internal.Bundles - 	Entry: C:\Users\issac\.p2\pool\plugins\org.eclipse.m2e.maven.runtime_3.9.1200.20260112-2306\jars\maven-resolver-util-1.9.25.jar
2026-04-16 22:24:11,447 [Worker-17: Launching Executing test in C__Users_issac_Desktop_softqnt_IssacSIT707_Task_4.1_p_task4_1P] INFO  o.eclipse.m2e.core.internal.Bundles - 	Entry: C:\Users\issac\.p2\pool\plugins\org.eclipse.m2e.maven.runtime_3.9.1200.20260112-2306\jars\maven-settings-3.9.12.jar
2026-04-16 22:24:11,449 [Worker-17: Launching Executing test in C__Users_issac_Desktop_softqnt_IssacSIT707_Task_4.1_p_task4_1P] INFO  o.eclipse.m2e.core.internal.Bundles - 	Entry: C:\Users\issac\.p2\pool\plugins\org.eclipse.m2e.maven.runtime_3.9.1200.20260112-2306\jars\maven-settings-builder-3.9.12.jar
2026-04-16 22:24:11,450 [Worker-17: Launching Executing test in C__Users_issac_Desktop_softqnt_IssacSIT707_Task_4.1_p_task4_1P] INFO  o.eclipse.m2e.core.internal.Bundles - 	Entry: C:\Users\issac\.p2\pool\plugins\org.eclipse.m2e.maven.runtime_3.9.1200.20260112-2306\jars\maven-shared-utils-3.4.2.jar
2026-04-16 22:24:11,452 [Worker-17: Launching Executing test in C__Users_issac_Desktop_softqnt_IssacSIT707_Task_4.1_p_task4_1P] INFO  o.eclipse.m2e.core.internal.Bundles - 	Entry: C:\Users\issac\.p2\pool\plugins\org.eclipse.m2e.maven.runtime_3.9.1200.20260112-2306\jars\org.eclipse.sisu.inject-0.9.0.M4.jar
2026-04-16 22:24:11,453 [Worker-17: Launching Executing test in C__Users_issac_Desktop_softqnt_IssacSIT707_Task_4.1_p_task4_1P] INFO  o.eclipse.m2e.core.internal.Bundles - 	Entry: C:\Users\issac\.p2\pool\plugins\org.eclipse.m2e.maven.runtime_3.9.1200.20260112-2306\jars\org.eclipse.sisu.plexus-0.9.0.M4.jar
2026-04-16 22:24:11,454 [Worker-17: Launching Executing test in C__Users_issac_Desktop_softqnt_IssacSIT707_Task_4.1_p_task4_1P] INFO  o.eclipse.m2e.core.internal.Bundles - 	Entry: C:\Users\issac\.p2\pool\plugins\org.eclipse.m2e.maven.runtime_3.9.1200.20260112-2306\jars\plexus-build-api-0.0.7.jar
2026-04-16 22:24:11,455 [Worker-17: Launching Executing test in C__Users_issac_Desktop_softqnt_IssacSIT707_Task_4.1_p_task4_1P] INFO  o.eclipse.m2e.core.internal.Bundles - 	Entry: C:\Users\issac\.p2\pool\plugins\org.eclipse.m2e.maven.runtime_3.9.1200.20260112-2306\jars\plexus-build-api-1.2.0.jar
2026-04-16 22:24:11,456 [Worker-17: Launching Executing test in C__Users_issac_Desktop_softqnt_IssacSIT707_Task_4.1_p_task4_1P] INFO  o.eclipse.m2e.core.internal.Bundles - 	Entry: C:\Users\issac\.p2\pool\plugins\org.eclipse.m2e.maven.runtime_3.9.1200.20260112-2306\jars\plexus-cipher-2.0.jar
2026-04-16 22:24:11,457 [Worker-17: Launching Executing test in C__Users_issac_Desktop_softqnt_IssacSIT707_Task_4.1_p_task4_1P] INFO  o.eclipse.m2e.core.internal.Bundles - 	Entry: C:\Users\issac\.p2\pool\plugins\org.eclipse.m2e.maven.runtime_3.9.1200.20260112-2306\jars\plexus-classworlds-2.9.0.jar
2026-04-16 22:24:11,457 [Worker-17: Launching Executing test in C__Users_issac_Desktop_softqnt_IssacSIT707_Task_4.1_p_task4_1P] INFO  o.eclipse.m2e.core.internal.Bundles - 	Entry: C:\Users\issac\.p2\pool\plugins\org.eclipse.m2e.maven.runtime_3.9.1200.20260112-2306\jars\plexus-component-annotations-2.2.0.jar
2026-04-16 22:24:11,458 [Worker-17: Launching Executing test in C__Users_issac_Desktop_softqnt_IssacSIT707_Task_4.1_p_task4_1P] INFO  o.eclipse.m2e.core.internal.Bundles - 	Entry: C:\Users\issac\.p2\pool\plugins\org.eclipse.m2e.maven.runtime_3.9.1200.20260112-2306\jars\plexus-interpolation-1.29.jar
2026-04-16 22:24:11,459 [Worker-17: Launching Executing test in C__Users_issac_Desktop_softqnt_IssacSIT707_Task_4.1_p_task4_1P] INFO  o.eclipse.m2e.core.internal.Bundles - 	Entry: C:\Users\issac\.p2\pool\plugins\org.eclipse.m2e.maven.runtime_3.9.1200.20260112-2306\jars\plexus-sec-dispatcher-2.0.jar
2026-04-16 22:24:11,460 [Worker-17: Launching Executing test in C__Users_issac_Desktop_softqnt_IssacSIT707_Task_4.1_p_task4_1P] INFO  o.eclipse.m2e.core.internal.Bundles - 	Entry: C:\Users\issac\.p2\pool\plugins\org.eclipse.m2e.maven.runtime_3.9.1200.20260112-2306\jars\plexus-utils-3.6.0.jar
2026-04-16 22:24:11,461 [Worker-17: Launching Executing test in C__Users_issac_Desktop_softqnt_IssacSIT707_Task_4.1_p_task4_1P] INFO  o.eclipse.m2e.core.internal.Bundles - 	Entry: C:\Users\issac\.p2\pool\plugins\org.eclipse.m2e.maven.runtime_3.9.1200.20260112-2306\jars\wagon-file-3.5.3.jar
2026-04-16 22:24:11,463 [Worker-17: Launching Executing test in C__Users_issac_Desktop_softqnt_IssacSIT707_Task_4.1_p_task4_1P] INFO  o.eclipse.m2e.core.internal.Bundles - 	Entry: C:\Users\issac\.p2\pool\plugins\org.eclipse.m2e.maven.runtime_3.9.1200.20260112-2306\jars\wagon-http-3.5.3.jar
2026-04-16 22:24:11,464 [Worker-17: Launching Executing test in C__Users_issac_Desktop_softqnt_IssacSIT707_Task_4.1_p_task4_1P] INFO  o.eclipse.m2e.core.internal.Bundles - 	Entry: C:\Users\issac\.p2\pool\plugins\org.eclipse.m2e.maven.runtime_3.9.1200.20260112-2306\jars\wagon-http-shared-3.5.3.jar
2026-04-16 22:24:11,465 [Worker-17: Launching Executing test in C__Users_issac_Desktop_softqnt_IssacSIT707_Task_4.1_p_task4_1P] INFO  o.eclipse.m2e.core.internal.Bundles - 	Entry: C:\Users\issac\.p2\pool\plugins\org.eclipse.m2e.maven.runtime_3.9.1200.20260112-2306\jars\wagon-provider-api-3.5.3.jar
2026-04-16 22:24:11,470 [Worker-17: Launching Executing test in C__Users_issac_Desktop_softqnt_IssacSIT707_Task_4.1_p_task4_1P] INFO  o.eclipse.m2e.core.internal.Bundles - getClasspathEntries(Bundle=com.google.guava_33.5.0.jre [13])
2026-04-16 22:24:11,472 [Worker-17: Launching Executing test in C__Users_issac_Desktop_softqnt_IssacSIT707_Task_4.1_p_task4_1P] INFO  o.eclipse.m2e.core.internal.Bundles - 	Entry: C:\Users\issac\.p2\pool\plugins\com.google.guava_33.5.0.jre.jar
2026-04-16 22:24:11,473 [Worker-17: Launching Executing test in C__Users_issac_Desktop_softqnt_IssacSIT707_Task_4.1_p_task4_1P] INFO  o.eclipse.m2e.core.internal.Bundles - getClasspathEntries(Bundle=slf4j.api_2.0.17 [532])
2026-04-16 22:24:11,475 [Worker-17: Launching Executing test in C__Users_issac_Desktop_softqnt_IssacSIT707_Task_4.1_p_task4_1P] INFO  o.eclipse.m2e.core.internal.Bundles - 	Entry: C:\Users\issac\.p2\pool\plugins\slf4j.api_2.0.17.jar
2026-04-16 22:24:11,476 [Worker-17: Launching Executing test in C__Users_issac_Desktop_softqnt_IssacSIT707_Task_4.1_p_task4_1P] INFO  o.eclipse.m2e.core.internal.Bundles - getClasspathEntries(Bundle=jakarta.inject.jakarta.inject-api_1.0.5 [24])
2026-04-16 22:24:11,479 [Worker-17: Launching Executing test in C__Users_issac_Desktop_softqnt_IssacSIT707_Task_4.1_p_task4_1P] INFO  o.eclipse.m2e.core.internal.Bundles - 	Entry: C:\Users\issac\.p2\pool\plugins\jakarta.inject.jakarta.inject-api_1.0.5.jar
2026-04-16 22:24:11,479 [Worker-17: Launching Executing test in C__Users_issac_Desktop_softqnt_IssacSIT707_Task_4.1_p_task4_1P] INFO  o.eclipse.m2e.core.internal.Bundles - getClasspathEntries(Bundle=jakarta.annotation-api_1.3.5 [22])
2026-04-16 22:24:11,483 [Worker-17: Launching Executing test in C__Users_issac_Desktop_softqnt_IssacSIT707_Task_4.1_p_task4_1P] INFO  o.eclipse.m2e.core.internal.Bundles - 	Entry: C:\Users\issac\.p2\pool\plugins\jakarta.annotation-api_1.3.5.jar
2026-04-16 22:24:11,484 [Worker-17: Launching Executing test in C__Users_issac_Desktop_softqnt_IssacSIT707_Task_4.1_p_task4_1P] INFO  o.eclipse.m2e.core.internal.Bundles - getClasspathEntries(Bundle=org.apache.commons.cli_1.11.0 [55])
2026-04-16 22:24:11,487 [Worker-17: Launching Executing test in C__Users_issac_Desktop_softqnt_IssacSIT707_Task_4.1_p_task4_1P] INFO  o.eclipse.m2e.core.internal.Bundles - 	Entry: C:\Users\issac\.p2\pool\plugins\org.apache.commons.cli_1.11.0.jar
2026-04-16 22:24:11,487 [Worker-17: Launching Executing test in C__Users_issac_Desktop_softqnt_IssacSIT707_Task_4.1_p_task4_1P] INFO  o.eclipse.m2e.core.internal.Bundles - getClasspathEntries(Bundle=org.apache.commons.commons-codec_1.21.0 [56])
2026-04-16 22:24:11,490 [Worker-17: Launching Executing test in C__Users_issac_Desktop_softqnt_IssacSIT707_Task_4.1_p_task4_1P] INFO  o.eclipse.m2e.core.internal.Bundles - 	Entry: C:\Users\issac\.p2\pool\plugins\org.apache.commons.commons-codec_1.21.0.jar
2026-04-16 22:24:11,490 [Worker-17: Launching Executing test in C__Users_issac_Desktop_softqnt_IssacSIT707_Task_4.1_p_task4_1P] INFO  o.eclipse.m2e.core.internal.Bundles - getClasspathEntries(Bundle=com.google.guava.failureaccess_1.0.3 [14])
2026-04-16 22:24:11,492 [Worker-17: Launching Executing test in C__Users_issac_Desktop_softqnt_IssacSIT707_Task_4.1_p_task4_1P] INFO  o.eclipse.m2e.core.internal.Bundles - 	Entry: C:\Users\issac\.p2\pool\plugins\com.google.guava.failureaccess_1.0.3.jar
2026-04-16 22:24:11,506 [Worker-17: Launching Executing test in C__Users_issac_Desktop_softqnt_IssacSIT707_Task_4.1_p_task4_1P] INFO  o.e.m.i.launch.MavenLaunchDelegate - Run build in "C:\Users\issac\Desktop\softqnt\IssacSIT707\Task_4.1_p\task4_1P":
2026-04-16 22:24:11,520 [Worker-17: Launching Executing test in C__Users_issac_Desktop_softqnt_IssacSIT707_Task_4.1_p_task4_1P] INFO  o.e.m.i.launch.MavenLaunchDelegate -  mvn  -B -Dstyle.color=always test
